<?xml version="1.0" encoding="UTF-8" ?>
<testsuites>
  <testsuite errors="0" failures="0" hostname="Dharmeshs-Pro.kenzielane.com" id="0" name="AwsServiceSpec" package="opensource" tests="7" time="3.059" timestamp="2015-12-17T19:40:02">
      <properties />

      <testcase classname="opensource.AwsServiceSpec" name="Test reallocation of evenly" time="2.882" />

      <testcase classname="opensource.AwsServiceSpec" name="Test reallocation extra servers" time="0.034" />

      <testcase classname="opensource.AwsServiceSpec" name="Test reallocation wasted reserve" time="0.019" />

      <testcase classname="opensource.AwsServiceSpec" name="Test reallocation multiple types" time="0.026" />

      <testcase classname="opensource.AwsServiceSpec" name="Reallocate" time="0.012" />

      <testcase classname="opensource.AwsServiceSpec" name="Find largest positive diff" time="0.007" />

      <testcase classname="opensource.AwsServiceSpec" name="Find largest negative diff" time="0.008" />

      <system-out><![CDATA[--Output from Test reallocation of evenly--
here modifying [m3.medium, us-east-1a, 1, 2, 1]
here modifying [m3.medium, us-east-1d, 1, 0, -1]
here modifying [m3.medium, us-east-1c, 1, 2, 1]
here modifying [m3.medium, us-east-1e, 1, 0, -1]
--Output from Test reallocation extra servers--
here modifying [m3.medium, us-east-1a, 1, 2, 1]
here modifying [m3.medium, us-east-1d, 1, 0, -1]
--Output from Test reallocation wasted reserve--
here modifying [m3.medium, us-east-1c, 1, 3, 2]
here modifying [m3.medium, us-east-1d, 1, 0, -1]
here modifying [m3.medium, us-east-1a, 1, 2, 1]
here modifying [m3.medium, us-east-1e, 1, 0, -1]
--Output from Test reallocation multiple types--
here modifying [m3.medium, us-east-1c, 1, 3, 2]
here modifying [m3.medium, us-east-1d, 1, 0, -1]
--Output from Reallocate--
--Output from Find largest positive diff--
--Output from Find largest negative diff--
]]></system-out>

      <system-err><![CDATA[--Output from Test reallocation of evenly--
--Output from Test reallocation extra servers--
--Output from Test reallocation wasted reserve--
--Output from Test reallocation multiple types--
--Output from Reallocate--
--Output from Find largest positive diff--
--Output from Find largest negative diff--
]]></system-err>

  </testsuite>
</testsuites>
